[debug] [2026-04-28T16:29:25.836Z] ----------------------------------------------------------------------
[debug] [2026-04-28T16:29:25.843Z] Command:       C:\Program Files\nodejs\node.exe C:\Users\Shashika\AppData\Roaming\npm\node_modules\firebase-tools\lib\bin\firebase.js init
[debug] [2026-04-28T16:29:25.844Z] CLI Version:   14.16.0
[debug] [2026-04-28T16:29:25.845Z] Platform:      win32
[debug] [2026-04-28T16:29:25.845Z] Node Version:  v22.19.0
[debug] [2026-04-28T16:29:25.847Z] Time:          Tue Apr 28 2026 21:59:25 GMT+0530 (India Standard Time)
[debug] [2026-04-28T16:29:25.847Z] ----------------------------------------------------------------------
[debug] 
[debug] [2026-04-28T16:29:25.853Z] >>> [apiv2][query] GET https://firebase-public.firebaseio.com/cli.json [none]
[debug] [2026-04-28T16:29:25.998Z] > command requires scopes: ["email","openid","https://www.googleapis.com/auth/cloudplatformprojects.readonly","https://www.googleapis.com/auth/firebase","https://www.googleapis.com/auth/cloud-platform"]
[debug] [2026-04-28T16:29:25.998Z] > authorizing via signed-in user (shashikarathnayaka739@gmail.com)
[info] 
     ######## #### ########  ######## ########     ###     ######  ########
     ##        ##  ##     ## ##       ##     ##  ##   ##  ##       ##
     ######    ##  ########  ######   ########  #########  ######  ######
     ##        ##  ##    ##  ##       ##     ## ##     ##       ## ##
     ##       #### ##     ## ######## ########  ##     ##  ######  ########

You're about to initialize a Firebase project in this directory:

  D:\SJSM PROJECTS

[debug] [2026-04-28T16:29:26.891Z] <<< [apiv2][status] GET https://firebase-public.firebaseio.com/cli.json 200
[debug] [2026-04-28T16:29:26.892Z] <<< [apiv2][body] GET https://firebase-public.firebaseio.com/cli.json {"cloudBuildErrorAfter":1594252800000,"cloudBuildWarnAfter":1590019200000,"defaultNode10After":1594252800000,"minVersion":"3.0.5","node8DeploysDisabledAfter":1613390400000,"node8RuntimeDisabledAfter":1615809600000,"node8WarnAfter":1600128000000}
[debug] [2026-04-28T16:33:48.684Z] ExitPromptError: User force closed the prompt with SIGINT
    at Interface.sigint (C:\Users\Shashika\AppData\Roaming\npm\node_modules\firebase-tools\node_modules\@inquirer\core\dist\commonjs\lib\create-prompt.js:101:37)
    at Interface.emit (node:events:519:28)
    at Interface.emit (node:domain:489:12)
    at [_ttyWrite] [as _ttyWrite] (node:internal/readline/interface:1132:18)
    at ReadStream.onkeypress (node:internal/readline/interface:271:20)
    at ReadStream.emit (node:events:531:35)
    at ReadStream.emit (node:domain:489:12)
    at emitKeys (node:internal/readline/utils:370:14)
    at emitKeys.next (<anonymous>)
    at ReadStream.onData (node:internal/readline/emitKeypressEvents:64:36)
[error] 
[error] Error: An unexpected error has occurred.
